[Mon Nov 11 20:47:42.733701 2024] [ssl:warn] [pid 12228:tid 452] AH01909: www.example.com:443:0 server certificate does NOT include an ID which matches the server name
[Mon Nov 11 20:47:42.818481 2024] [ssl:warn] [pid 12228:tid 452] AH01909: www.example.com:443:0 server certificate does NOT include an ID which matches the server name
[Mon Nov 11 20:47:42.883332 2024] [mpm_winnt:notice] [pid 12228:tid 452] AH00455: Apache/2.4.58 (Win64) OpenSSL/3.1.3 PHP/8.2.12 configured -- resuming normal operations
[Mon Nov 11 20:47:42.883332 2024] [mpm_winnt:notice] [pid 12228:tid 452] AH00456: Apache Lounge VS17 Server built: Oct 18 2023 13:03:18
[Mon Nov 11 20:47:42.883332 2024] [core:notice] [pid 12228:tid 452] AH00094: Command line: 'd:\\xampp\\apache\\bin\\httpd.exe -d D:/xampp/apache'
[Mon Nov 11 20:47:42.892308 2024] [mpm_winnt:notice] [pid 12228:tid 452] AH00418: Parent: Created child process 24644
[Mon Nov 11 20:47:43.585435 2024] [ssl:warn] [pid 24644:tid 456] AH01909: www.example.com:443:0 server certificate does NOT include an ID which matches the server name
[Mon Nov 11 20:47:43.664212 2024] [ssl:warn] [pid 24644:tid 456] AH01909: www.example.com:443:0 server certificate does NOT include an ID which matches the server name
[Mon Nov 11 20:47:43.729069 2024] [mpm_winnt:notice] [pid 24644:tid 456] AH00354: Child: Starting 150 worker threads.
[Mon Nov 11 21:51:21.094064 2024] [ssl:warn] [pid 28324:tid 452] AH01909: www.example.com:443:0 server certificate does NOT include an ID which matches the server name
[Mon Nov 11 21:51:21.183828 2024] [core:warn] [pid 28324:tid 452] AH00098: pid file D:/xampp/apache/logs/httpd.pid overwritten -- Unclean shutdown of previous Apache run?
[Mon Nov 11 21:51:21.187813 2024] [ssl:warn] [pid 28324:tid 452] AH01909: www.example.com:443:0 server certificate does NOT include an ID which matches the server name
[Mon Nov 11 21:51:21.251644 2024] [mpm_winnt:notice] [pid 28324:tid 452] AH00455: Apache/2.4.58 (Win64) OpenSSL/3.1.3 PHP/8.2.12 configured -- resuming normal operations
[Mon Nov 11 21:51:21.251644 2024] [mpm_winnt:notice] [pid 28324:tid 452] AH00456: Apache Lounge VS17 Server built: Oct 18 2023 13:03:18
[Mon Nov 11 21:51:21.251644 2024] [core:notice] [pid 28324:tid 452] AH00094: Command line: 'd:\\xampp\\apache\\bin\\httpd.exe -d D:/xampp/apache'
[Mon Nov 11 21:51:21.260619 2024] [mpm_winnt:notice] [pid 28324:tid 452] AH00418: Parent: Created child process 10928
[Mon Nov 11 21:51:21.990197 2024] [ssl:warn] [pid 10928:tid 456] AH01909: www.example.com:443:0 server certificate does NOT include an ID which matches the server name
[Mon Nov 11 21:51:22.073315 2024] [ssl:warn] [pid 10928:tid 456] AH01909: www.example.com:443:0 server certificate does NOT include an ID which matches the server name
[Mon Nov 11 21:51:22.135221 2024] [mpm_winnt:notice] [pid 10928:tid 456] AH00354: Child: Starting 150 worker threads.
[Wed Dec 04 21:18:32.108521 2024] [ssl:warn] [pid 35192:tid 420] AH01909: www.example.com:443:0 server certificate does NOT include an ID which matches the server name
[Wed Dec 04 21:18:32.274943 2024] [core:warn] [pid 35192:tid 420] AH00098: pid file D:/WebGame3.0/nodejsProjectPackage/xampp/apache/logs/httpd.pid overwritten -- Unclean shutdown of previous Apache run?
[Wed Dec 04 21:18:32.277935 2024] [ssl:warn] [pid 35192:tid 420] AH01909: www.example.com:443:0 server certificate does NOT include an ID which matches the server name
[Wed Dec 04 21:18:32.407607 2024] [mpm_winnt:notice] [pid 35192:tid 420] AH00455: Apache/2.4.58 (Win64) OpenSSL/3.1.3 PHP/8.2.12 configured -- resuming normal operations
[Wed Dec 04 21:18:32.407607 2024] [mpm_winnt:notice] [pid 35192:tid 420] AH00456: Apache Lounge VS17 Server built: Oct 18 2023 13:03:18
[Wed Dec 04 21:18:32.408603 2024] [core:notice] [pid 35192:tid 420] AH00094: Command line: 'd:\\webgame3.0\\nodejsprojectpackage\\xampp\\apache\\bin\\httpd.exe -d D:/WebGame3.0/nodejsProjectPackage/xampp/apache'
[Wed Dec 04 21:18:32.426253 2024] [mpm_winnt:notice] [pid 35192:tid 420] AH00418: Parent: Created child process 30120
[Wed Dec 04 21:18:32.913044 2024] [ssl:warn] [pid 30120:tid 396] AH01909: www.example.com:443:0 server certificate does NOT include an ID which matches the server name
[Wed Dec 04 21:18:33.060603 2024] [ssl:warn] [pid 30120:tid 396] AH01909: www.example.com:443:0 server certificate does NOT include an ID which matches the server name
[Wed Dec 04 21:18:33.111222 2024] [mpm_winnt:notice] [pid 30120:tid 396] AH00354: Child: Starting 150 worker threads.
[Fri Dec 06 14:08:33.468070 2024] [ssl:warn] [pid 10508:tid 424] AH01909: www.example.com:443:0 server certificate does NOT include an ID which matches the server name
[Fri Dec 06 14:08:33.515331 2024] [core:warn] [pid 10508:tid 424] AH00098: pid file C:/Users/S23127650/WEBGAME3.0/WebGame3.0/nodejsProjectPackage/xampp/apache/logs/httpd.pid overwritten -- Unclean shutdown of previous Apache run?
[Fri Dec 06 14:08:33.517325 2024] [ssl:warn] [pid 10508:tid 424] AH01909: www.example.com:443:0 server certificate does NOT include an ID which matches the server name
[Fri Dec 06 14:08:33.555199 2024] [mpm_winnt:notice] [pid 10508:tid 424] AH00455: Apache/2.4.58 (Win64) OpenSSL/3.1.3 PHP/8.2.12 configured -- resuming normal operations
[Fri Dec 06 14:08:33.555199 2024] [mpm_winnt:notice] [pid 10508:tid 424] AH00456: Apache Lounge VS17 Server built: Oct 18 2023 13:03:18
[Fri Dec 06 14:08:33.555199 2024] [core:notice] [pid 10508:tid 424] AH00094: Command line: 'c:\\users\\s23127650\\webgame3.0\\webgame3.0\\nodejsprojectpackage\\xampp\\apache\\bin\\httpd.exe -d C:/Users/S23127650/WEBGAME3.0/WebGame3.0/nodejsProjectPackage/xampp/apache'
[Fri Dec 06 14:08:33.559185 2024] [mpm_winnt:notice] [pid 10508:tid 424] AH00418: Parent: Created child process 24232
[Fri Dec 06 14:08:33.876686 2024] [ssl:warn] [pid 24232:tid 464] AH01909: www.example.com:443:0 server certificate does NOT include an ID which matches the server name
[Fri Dec 06 14:08:33.921546 2024] [ssl:warn] [pid 24232:tid 464] AH01909: www.example.com:443:0 server certificate does NOT include an ID which matches the server name
[Fri Dec 06 14:08:33.957426 2024] [mpm_winnt:notice] [pid 24232:tid 464] AH00354: Child: Starting 150 worker threads.
[Fri Dec 13 12:03:47.399393 2024] [ssl:warn] [pid 26308:tid 372] AH01909: www.example.com:443:0 server certificate does NOT include an ID which matches the server name
[Fri Dec 13 12:03:47.473735 2024] [core:warn] [pid 26308:tid 372] AH00098: pid file D:/WebGame3.0/nodejsProjectPackage/xampp/apache/logs/httpd.pid overwritten -- Unclean shutdown of previous Apache run?
[Fri Dec 13 12:03:47.476726 2024] [ssl:warn] [pid 26308:tid 372] AH01909: www.example.com:443:0 server certificate does NOT include an ID which matches the server name
[Fri Dec 13 12:03:48.510359 2024] [mpm_winnt:notice] [pid 26308:tid 372] AH00455: Apache/2.4.58 (Win64) OpenSSL/3.1.3 PHP/8.2.12 configured -- resuming normal operations
[Fri Dec 13 12:03:48.510359 2024] [mpm_winnt:notice] [pid 26308:tid 372] AH00456: Apache Lounge VS17 Server built: Oct 18 2023 13:03:18
[Fri Dec 13 12:03:48.510359 2024] [core:notice] [pid 26308:tid 372] AH00094: Command line: 'd:\\webgame3.0\\nodejsprojectpackage\\xampp\\apache\\bin\\httpd.exe -d D:/WebGame3.0/nodejsProjectPackage/xampp/apache'
[Fri Dec 13 12:03:48.649541 2024] [mpm_winnt:notice] [pid 26308:tid 372] AH00418: Parent: Created child process 25636
[Fri Dec 13 12:03:48.963876 2024] [ssl:warn] [pid 25636:tid 372] AH01909: www.example.com:443:0 server certificate does NOT include an ID which matches the server name
[Fri Dec 13 12:03:49.042791 2024] [ssl:warn] [pid 25636:tid 372] AH01909: www.example.com:443:0 server certificate does NOT include an ID which matches the server name
[Fri Dec 13 12:03:49.080500 2024] [mpm_winnt:notice] [pid 25636:tid 372] AH00354: Child: Starting 150 worker threads.
[Fri Dec 13 13:04:20.684999 2024] [ssl:warn] [pid 21704:tid 424] AH01909: www.example.com:443:0 server certificate does NOT include an ID which matches the server name
[Fri Dec 13 13:04:20.728880 2024] [core:warn] [pid 21704:tid 424] AH00098: pid file C:/Users/S23127650/WEBGAME3.0/WebGame3.0/nodejsProjectPackage/xampp/apache/logs/httpd.pid overwritten -- Unclean shutdown of previous Apache run?
[Fri Dec 13 13:04:20.730876 2024] [ssl:warn] [pid 21704:tid 424] AH01909: www.example.com:443:0 server certificate does NOT include an ID which matches the server name
[Fri Dec 13 13:04:20.781486 2024] [mpm_winnt:notice] [pid 21704:tid 424] AH00455: Apache/2.4.58 (Win64) OpenSSL/3.1.3 PHP/8.2.12 configured -- resuming normal operations
[Fri Dec 13 13:04:20.781486 2024] [mpm_winnt:notice] [pid 21704:tid 424] AH00456: Apache Lounge VS17 Server built: Oct 18 2023 13:03:18
[Fri Dec 13 13:04:20.781486 2024] [core:notice] [pid 21704:tid 424] AH00094: Command line: 'c:\\users\\s23127650\\webgame3.0\\webgame3.0\\nodejsprojectpackage\\xampp\\apache\\bin\\httpd.exe -d C:/Users/S23127650/WEBGAME3.0/WebGame3.0/nodejsProjectPackage/xampp/apache'
[Fri Dec 13 13:04:20.785475 2024] [mpm_winnt:notice] [pid 21704:tid 424] AH00418: Parent: Created child process 26056
[Fri Dec 13 13:04:21.073207 2024] [ssl:warn] [pid 26056:tid 456] AH01909: www.example.com:443:0 server certificate does NOT include an ID which matches the server name
[Fri Dec 13 13:04:21.118069 2024] [ssl:warn] [pid 26056:tid 456] AH01909: www.example.com:443:0 server certificate does NOT include an ID which matches the server name
[Fri Dec 13 13:04:21.152961 2024] [mpm_winnt:notice] [pid 26056:tid 456] AH00354: Child: Starting 150 worker threads.
[Wed Jan 01 20:08:32.114481 2025] [ssl:warn] [pid 29552:tid 388] AH01909: www.example.com:443:0 server certificate does NOT include an ID which matches the server name
[Wed Jan 01 20:08:32.312011 2025] [core:warn] [pid 29552:tid 388] AH00098: pid file D:/WebGame3.0/nodejsProjectPackage/xampp/apache/logs/httpd.pid overwritten -- Unclean shutdown of previous Apache run?
[Wed Jan 01 20:08:32.315003 2025] [ssl:warn] [pid 29552:tid 388] AH01909: www.example.com:443:0 server certificate does NOT include an ID which matches the server name
[Wed Jan 01 20:08:33.438447 2025] [mpm_winnt:notice] [pid 29552:tid 388] AH00455: Apache/2.4.58 (Win64) OpenSSL/3.1.3 PHP/8.2.12 configured -- resuming normal operations
[Wed Jan 01 20:08:33.438447 2025] [mpm_winnt:notice] [pid 29552:tid 388] AH00456: Apache Lounge VS17 Server built: Oct 18 2023 13:03:18
[Wed Jan 01 20:08:33.438447 2025] [core:notice] [pid 29552:tid 388] AH00094: Command line: 'd:\\webgame3.0\\nodejsprojectpackage\\xampp\\apache\\bin\\httpd.exe -d D:/WebGame3.0/nodejsProjectPackage/xampp/apache'
[Wed Jan 01 20:08:33.543617 2025] [mpm_winnt:notice] [pid 29552:tid 388] AH00418: Parent: Created child process 26904
[Wed Jan 01 20:08:33.965756 2025] [ssl:warn] [pid 26904:tid 368] AH01909: www.example.com:443:0 server certificate does NOT include an ID which matches the server name
[Wed Jan 01 20:08:34.106359 2025] [ssl:warn] [pid 26904:tid 368] AH01909: www.example.com:443:0 server certificate does NOT include an ID which matches the server name
[Wed Jan 01 20:08:34.149897 2025] [mpm_winnt:notice] [pid 26904:tid 368] AH00354: Child: Starting 150 worker threads.
[Wed Jan 01 20:09:09.313750 2025] [ssl:warn] [pid 38972:tid 372] AH01909: www.example.com:443:0 server certificate does NOT include an ID which matches the server name
[Wed Jan 01 20:09:09.461496 2025] [core:warn] [pid 38972:tid 372] AH00098: pid file D:/WebGame3.0/nodejsProjectPackage/xampp/apache/logs/httpd.pid overwritten -- Unclean shutdown of previous Apache run?
[Wed Jan 01 20:09:09.465517 2025] [ssl:warn] [pid 38972:tid 372] AH01909: www.example.com:443:0 server certificate does NOT include an ID which matches the server name
[Wed Jan 01 20:09:09.504065 2025] [mpm_winnt:notice] [pid 38972:tid 372] AH00455: Apache/2.4.58 (Win64) OpenSSL/3.1.3 PHP/8.2.12 configured -- resuming normal operations
[Wed Jan 01 20:09:09.504065 2025] [mpm_winnt:notice] [pid 38972:tid 372] AH00456: Apache Lounge VS17 Server built: Oct 18 2023 13:03:18
[Wed Jan 01 20:09:09.504065 2025] [core:notice] [pid 38972:tid 372] AH00094: Command line: 'd:\\webgame3.0\\nodejsprojectpackage\\xampp\\apache\\bin\\httpd.exe -d D:/WebGame3.0/nodejsProjectPackage/xampp/apache'
[Wed Jan 01 20:09:09.596906 2025] [mpm_winnt:notice] [pid 38972:tid 372] AH00418: Parent: Created child process 35952
[Wed Jan 01 20:09:09.946094 2025] [ssl:warn] [pid 35952:tid 368] AH01909: www.example.com:443:0 server certificate does NOT include an ID which matches the server name
[Wed Jan 01 20:09:10.061053 2025] [ssl:warn] [pid 35952:tid 368] AH01909: www.example.com:443:0 server certificate does NOT include an ID which matches the server name
[Wed Jan 01 20:09:10.107745 2025] [mpm_winnt:notice] [pid 35952:tid 368] AH00354: Child: Starting 150 worker threads.
[Wed Jan 01 20:10:29.205559 2025] [ssl:warn] [pid 28108:tid 388] AH01909: www.example.com:443:0 server certificate does NOT include an ID which matches the server name
[Wed Jan 01 20:10:29.393968 2025] [core:warn] [pid 28108:tid 388] AH00098: pid file D:/WebGame3.0/nodejsProjectPackage/xampp/apache/logs/httpd.pid overwritten -- Unclean shutdown of previous Apache run?
[Wed Jan 01 20:10:29.396960 2025] [ssl:warn] [pid 28108:tid 388] AH01909: www.example.com:443:0 server certificate does NOT include an ID which matches the server name
[Wed Jan 01 20:10:29.437073 2025] [mpm_winnt:notice] [pid 28108:tid 388] AH00455: Apache/2.4.58 (Win64) OpenSSL/3.1.3 PHP/8.2.12 configured -- resuming normal operations
[Wed Jan 01 20:10:29.437073 2025] [mpm_winnt:notice] [pid 28108:tid 388] AH00456: Apache Lounge VS17 Server built: Oct 18 2023 13:03:18
[Wed Jan 01 20:10:29.437073 2025] [core:notice] [pid 28108:tid 388] AH00094: Command line: 'd:\\webgame3.0\\nodejsprojectpackage\\xampp\\apache\\bin\\httpd.exe -d D:/WebGame3.0/nodejsProjectPackage/xampp/apache'
[Wed Jan 01 20:10:29.530117 2025] [mpm_winnt:notice] [pid 28108:tid 388] AH00418: Parent: Created child process 17036
[Wed Jan 01 20:10:29.890457 2025] [ssl:warn] [pid 17036:tid 404] AH01909: www.example.com:443:0 server certificate does NOT include an ID which matches the server name
[Wed Jan 01 20:10:30.054549 2025] [ssl:warn] [pid 17036:tid 404] AH01909: www.example.com:443:0 server certificate does NOT include an ID which matches the server name
[Wed Jan 01 20:10:30.101005 2025] [mpm_winnt:notice] [pid 17036:tid 404] AH00354: Child: Starting 150 worker threads.
[Wed Jan 01 20:13:58.285873 2025] [ssl:warn] [pid 12976:tid 384] AH01909: www.example.com:443:0 server certificate does NOT include an ID which matches the server name
[Wed Jan 01 20:13:58.416303 2025] [core:warn] [pid 12976:tid 384] AH00098: pid file D:/WebGame3.0/nodejsProjectPackage/xampp/apache/logs/httpd.pid overwritten -- Unclean shutdown of previous Apache run?
[Wed Jan 01 20:13:58.419296 2025] [ssl:warn] [pid 12976:tid 384] AH01909: www.example.com:443:0 server certificate does NOT include an ID which matches the server name
[Wed Jan 01 20:13:58.458052 2025] [mpm_winnt:notice] [pid 12976:tid 384] AH00455: Apache/2.4.58 (Win64) OpenSSL/3.1.3 PHP/8.2.12 configured -- resuming normal operations
[Wed Jan 01 20:13:58.458052 2025] [mpm_winnt:notice] [pid 12976:tid 384] AH00456: Apache Lounge VS17 Server built: Oct 18 2023 13:03:18
[Wed Jan 01 20:13:58.458052 2025] [core:notice] [pid 12976:tid 384] AH00094: Command line: 'd:\\webgame3.0\\nodejsprojectpackage\\xampp\\apache\\bin\\httpd.exe -d D:/WebGame3.0/nodejsProjectPackage/xampp/apache'
[Wed Jan 01 20:13:58.548243 2025] [mpm_winnt:notice] [pid 12976:tid 384] AH00418: Parent: Created child process 22876
[Wed Jan 01 20:13:58.887826 2025] [ssl:warn] [pid 22876:tid 368] AH01909: www.example.com:443:0 server certificate does NOT include an ID which matches the server name
[Wed Jan 01 20:13:59.052965 2025] [ssl:warn] [pid 22876:tid 368] AH01909: www.example.com:443:0 server certificate does NOT include an ID which matches the server name
[Wed Jan 01 20:13:59.095538 2025] [mpm_winnt:notice] [pid 22876:tid 368] AH00354: Child: Starting 150 worker threads.
[Wed Jan 01 20:15:56.730656 2025] [ssl:warn] [pid 26256:tid 416] AH01909: www.example.com:443:0 server certificate does NOT include an ID which matches the server name
[Wed Jan 01 20:15:56.961107 2025] [core:warn] [pid 26256:tid 416] AH00098: pid file D:/WebGame3.0/nodejsProjectPackage/xampp/apache/logs/httpd.pid overwritten -- Unclean shutdown of previous Apache run?
[Wed Jan 01 20:15:56.964097 2025] [ssl:warn] [pid 26256:tid 416] AH01909: www.example.com:443:0 server certificate does NOT include an ID which matches the server name
[Wed Jan 01 20:15:56.999697 2025] [mpm_winnt:notice] [pid 26256:tid 416] AH00455: Apache/2.4.58 (Win64) OpenSSL/3.1.3 PHP/8.2.12 configured -- resuming normal operations
[Wed Jan 01 20:15:56.999697 2025] [mpm_winnt:notice] [pid 26256:tid 416] AH00456: Apache Lounge VS17 Server built: Oct 18 2023 13:03:18
[Wed Jan 01 20:15:57.000696 2025] [core:notice] [pid 26256:tid 416] AH00094: Command line: 'd:\\webgame3.0\\nodejsprojectpackage\\xampp\\apache\\bin\\httpd.exe -d D:/WebGame3.0/nodejsProjectPackage/xampp/apache'
[Wed Jan 01 20:15:57.174524 2025] [mpm_winnt:notice] [pid 26256:tid 416] AH00418: Parent: Created child process 12484
[Wed Jan 01 20:15:57.519522 2025] [ssl:warn] [pid 12484:tid 372] AH01909: www.example.com:443:0 server certificate does NOT include an ID which matches the server name
[Wed Jan 01 20:15:57.626194 2025] [ssl:warn] [pid 12484:tid 372] AH01909: www.example.com:443:0 server certificate does NOT include an ID which matches the server name
[Wed Jan 01 20:15:57.667563 2025] [mpm_winnt:notice] [pid 12484:tid 372] AH00354: Child: Starting 150 worker threads.
[Wed Jan 01 20:17:36.379156 2025] [ssl:warn] [pid 34396:tid 372] AH01909: www.example.com:443:0 server certificate does NOT include an ID which matches the server name
[Wed Jan 01 20:17:36.517402 2025] [core:warn] [pid 34396:tid 372] AH00098: pid file D:/WebGame3.0/nodejsProjectPackage/xampp/apache/logs/httpd.pid overwritten -- Unclean shutdown of previous Apache run?
[Wed Jan 01 20:17:36.520393 2025] [ssl:warn] [pid 34396:tid 372] AH01909: www.example.com:443:0 server certificate does NOT include an ID which matches the server name
[Wed Jan 01 20:17:36.556936 2025] [mpm_winnt:notice] [pid 34396:tid 372] AH00455: Apache/2.4.58 (Win64) OpenSSL/3.1.3 PHP/8.2.12 configured -- resuming normal operations
[Wed Jan 01 20:17:36.556936 2025] [mpm_winnt:notice] [pid 34396:tid 372] AH00456: Apache Lounge VS17 Server built: Oct 18 2023 13:03:18
[Wed Jan 01 20:17:36.556936 2025] [core:notice] [pid 34396:tid 372] AH00094: Command line: 'd:\\webgame3.0\\nodejsprojectpackage\\xampp\\apache\\bin\\httpd.exe -d D:/WebGame3.0/nodejsProjectPackage/xampp/apache'
[Wed Jan 01 20:17:36.644272 2025] [mpm_winnt:notice] [pid 34396:tid 372] AH00418: Parent: Created child process 14240
[Wed Jan 01 20:17:36.970436 2025] [ssl:warn] [pid 14240:tid 368] AH01909: www.example.com:443:0 server certificate does NOT include an ID which matches the server name
[Wed Jan 01 20:17:37.094337 2025] [ssl:warn] [pid 14240:tid 368] AH01909: www.example.com:443:0 server certificate does NOT include an ID which matches the server name
[Wed Jan 01 20:17:37.135858 2025] [mpm_winnt:notice] [pid 14240:tid 368] AH00354: Child: Starting 150 worker threads.
[Wed Jan 01 20:21:07.585829 2025] [ssl:warn] [pid 39400:tid 376] AH01909: www.example.com:443:0 server certificate does NOT include an ID which matches the server name
[Wed Jan 01 20:21:07.896742 2025] [core:warn] [pid 39400:tid 376] AH00098: pid file D:/WebGame3.0/nodejsProjectPackage/xampp/apache/logs/httpd.pid overwritten -- Unclean shutdown of previous Apache run?
[Wed Jan 01 20:21:07.900420 2025] [ssl:warn] [pid 39400:tid 376] AH01909: www.example.com:443:0 server certificate does NOT include an ID which matches the server name
[Wed Jan 01 20:21:07.938522 2025] [mpm_winnt:notice] [pid 39400:tid 376] AH00455: Apache/2.4.58 (Win64) OpenSSL/3.1.3 PHP/8.2.12 configured -- resuming normal operations
[Wed Jan 01 20:21:07.938576 2025] [mpm_winnt:notice] [pid 39400:tid 376] AH00456: Apache Lounge VS17 Server built: Oct 18 2023 13:03:18
[Wed Jan 01 20:21:07.938576 2025] [core:notice] [pid 39400:tid 376] AH00094: Command line: 'd:\\webgame3.0\\nodejsprojectpackage\\xampp\\apache\\bin\\httpd.exe -d D:/WebGame3.0/nodejsProjectPackage/xampp/apache'
[Wed Jan 01 20:21:08.033141 2025] [mpm_winnt:notice] [pid 39400:tid 376] AH00418: Parent: Created child process 35112
[Wed Jan 01 20:21:08.679807 2025] [ssl:warn] [pid 35112:tid 400] AH01909: www.example.com:443:0 server certificate does NOT include an ID which matches the server name
[Wed Jan 01 20:21:08.809223 2025] [ssl:warn] [pid 35112:tid 400] AH01909: www.example.com:443:0 server certificate does NOT include an ID which matches the server name
[Wed Jan 01 20:21:08.849920 2025] [mpm_winnt:notice] [pid 35112:tid 400] AH00354: Child: Starting 150 worker threads.
[Wed Jan 01 20:24:48.315269 2025] [ssl:warn] [pid 42916:tid 372] AH01909: www.example.com:443:0 server certificate does NOT include an ID which matches the server name
[Wed Jan 01 20:24:48.466027 2025] [core:warn] [pid 42916:tid 372] AH00098: pid file D:/WebGame3.0/nodejsProjectPackage/xampp/apache/logs/httpd.pid overwritten -- Unclean shutdown of previous Apache run?
[Wed Jan 01 20:24:48.470014 2025] [ssl:warn] [pid 42916:tid 372] AH01909: www.example.com:443:0 server certificate does NOT include an ID which matches the server name
[Wed Jan 01 20:24:48.506228 2025] [mpm_winnt:notice] [pid 42916:tid 372] AH00455: Apache/2.4.58 (Win64) OpenSSL/3.1.3 PHP/8.2.12 configured -- resuming normal operations
[Wed Jan 01 20:24:48.506228 2025] [mpm_winnt:notice] [pid 42916:tid 372] AH00456: Apache Lounge VS17 Server built: Oct 18 2023 13:03:18
[Wed Jan 01 20:24:48.506228 2025] [core:notice] [pid 42916:tid 372] AH00094: Command line: 'd:\\webgame3.0\\nodejsprojectpackage\\xampp\\apache\\bin\\httpd.exe -d D:/WebGame3.0/nodejsProjectPackage/xampp/apache'
[Wed Jan 01 20:24:48.599447 2025] [mpm_winnt:notice] [pid 42916:tid 372] AH00418: Parent: Created child process 22348
[Wed Jan 01 20:24:49.061781 2025] [ssl:warn] [pid 22348:tid 372] AH01909: www.example.com:443:0 server certificate does NOT include an ID which matches the server name
[Wed Jan 01 20:24:49.178821 2025] [ssl:warn] [pid 22348:tid 372] AH01909: www.example.com:443:0 server certificate does NOT include an ID which matches the server name
[Wed Jan 01 20:24:49.221985 2025] [mpm_winnt:notice] [pid 22348:tid 372] AH00354: Child: Starting 150 worker threads.
